<?xml version="1.0" encoding="UTF-8"?>
<testsuite xmlns:xsi="http://www.w3.org/2001/XMLSchema-instance" xsi:noNamespaceSchemaLocation="https://maven.apache.org/surefire/maven-surefire-plugin/xsd/surefire-test-report-3.0.xsd" version="3.0" name="org.example.ScoreManagerTest" time="0.045" tests="9" errors="0" skipped="0" failures="0">
  <properties>
    <property name="java.specification.version" value="23"/>
    <property name="sun.jnu.encoding" value="UTF-8"/>
    <property name="java.class.path" value="/Users/Guest/Downloads/Tetris/target/test-classes:/Users/Guest/Downloads/Tetris/target/classes:/Users/Guest/.m2/repository/org/junit/jupiter/junit-jupiter/5.11.0/junit-jupiter-5.11.0.jar:/Users/Guest/.m2/repository/org/junit/jupiter/junit-jupiter-api/5.11.0/junit-jupiter-api-5.11.0.jar:/Users/Guest/.m2/repository/org/opentest4j/opentest4j/1.3.0/opentest4j-1.3.0.jar:/Users/Guest/.m2/repository/org/junit/platform/junit-platform-commons/1.11.0/junit-platform-commons-1.11.0.jar:/Users/Guest/.m2/repository/org/apiguardian/apiguardian-api/1.1.2/apiguardian-api-1.1.2.jar:/Users/Guest/.m2/repository/org/junit/jupiter/junit-jupiter-params/5.11.0/junit-jupiter-params-5.11.0.jar:/Users/Guest/.m2/repository/org/junit/jupiter/junit-jupiter-engine/5.11.0/junit-jupiter-engine-5.11.0.jar:/Users/Guest/.m2/repository/org/junit/platform/junit-platform-engine/1.11.0/junit-platform-engine-1.11.0.jar:/Users/Guest/.m2/repository/org/apache/commons/commons-lang3/3.13.0/commons-lang3-3.13.0.jar:/Users/Guest/.m2/repository/com/fasterxml/jackson/core/jackson-databind/2.17.1/jackson-databind-2.17.1.jar:/Users/Guest/.m2/repository/com/fasterxml/jackson/core/jackson-annotations/2.17.1/jackson-annotations-2.17.1.jar:/Users/Guest/.m2/repository/com/fasterxml/jackson/core/jackson-core/2.17.1/jackson-core-2.17.1.jar:"/>
    <property name="java.vm.vendor" value="Oracle Corporation"/>
    <property name="sun.arch.data.model" value="64"/>
    <property name="java.vendor.url" value="https://java.oracle.com/"/>
    <property name="os.name" value="Mac OS X"/>
    <property name="java.vm.specification.version" value="23"/>
    <property name="sun.java.launcher" value="SUN_STANDARD"/>
    <property name="user.country" value="TW"/>
    <property name="sun.boot.library.path" value="/Users/Guest/Library/Java/JavaVirtualMachines/openjdk-23.0.1/Contents/Home/lib"/>
    <property name="sun.java.command" value="/Users/Guest/Downloads/Tetris/target/surefire/surefirebooter-20241225140527641_3.jar /Users/Guest/Downloads/Tetris/target/surefire 2024-12-25T14-05-27_587-jvmRun1 surefire-20241225140527641_1tmp surefire_0-20241225140527641_2tmp"/>
    <property name="jdk.debug" value="release"/>
    <property name="surefire.test.class.path" value="/Users/Guest/Downloads/Tetris/target/test-classes:/Users/Guest/Downloads/Tetris/target/classes:/Users/Guest/.m2/repository/org/junit/jupiter/junit-jupiter/5.11.0/junit-jupiter-5.11.0.jar:/Users/Guest/.m2/repository/org/junit/jupiter/junit-jupiter-api/5.11.0/junit-jupiter-api-5.11.0.jar:/Users/Guest/.m2/repository/org/opentest4j/opentest4j/1.3.0/opentest4j-1.3.0.jar:/Users/Guest/.m2/repository/org/junit/platform/junit-platform-commons/1.11.0/junit-platform-commons-1.11.0.jar:/Users/Guest/.m2/repository/org/apiguardian/apiguardian-api/1.1.2/apiguardian-api-1.1.2.jar:/Users/Guest/.m2/repository/org/junit/jupiter/junit-jupiter-params/5.11.0/junit-jupiter-params-5.11.0.jar:/Users/Guest/.m2/repository/org/junit/jupiter/junit-jupiter-engine/5.11.0/junit-jupiter-engine-5.11.0.jar:/Users/Guest/.m2/repository/org/junit/platform/junit-platform-engine/1.11.0/junit-platform-engine-1.11.0.jar:/Users/Guest/.m2/repository/org/apache/commons/commons-lang3/3.13.0/commons-lang3-3.13.0.jar:/Users/Guest/.m2/repository/com/fasterxml/jackson/core/jackson-databind/2.17.1/jackson-databind-2.17.1.jar:/Users/Guest/.m2/repository/com/fasterxml/jackson/core/jackson-annotations/2.17.1/jackson-annotations-2.17.1.jar:/Users/Guest/.m2/repository/com/fasterxml/jackson/core/jackson-core/2.17.1/jackson-core-2.17.1.jar:"/>
    <property name="sun.cpu.endian" value="little"/>
    <property name="user.home" value="/Users/Guest"/>
    <property name="user.language" value="zh"/>
    <property name="java.specification.vendor" value="Oracle Corporation"/>
    <property name="java.version.date" value="2024-10-15"/>
    <property name="java.home" value="/Users/Guest/Library/Java/JavaVirtualMachines/openjdk-23.0.1/Contents/Home"/>
    <property name="file.separator" value="/"/>
    <property name="basedir" value="/Users/Guest/Downloads/Tetris"/>
    <property name="java.vm.compressedOopsMode" value="Zero based"/>
    <property name="line.separator" value="&#10;"/>
    <property name="java.vm.specification.vendor" value="Oracle Corporation"/>
    <property name="java.specification.name" value="Java Platform API Specification"/>
    <property name="apple.awt.application.name" value="ForkedBooter"/>
    <property name="surefire.real.class.path" value="/Users/Guest/Downloads/Tetris/target/surefire/surefirebooter-20241225140527641_3.jar"/>
    <property name="user.script" value="Hant"/>
    <property name="sun.management.compiler" value="HotSpot 64-Bit Tiered Compilers"/>
    <property name="java.runtime.version" value="23.0.1+11-39"/>
    <property name="user.name" value="Guest"/>
    <property name="stdout.encoding" value="UTF-8"/>
    <property name="path.separator" value=":"/>
    <property name="os.version" value="14.5"/>
    <property name="java.runtime.name" value="OpenJDK Runtime Environment"/>
    <property name="file.encoding" value="UTF-8"/>
    <property name="java.vm.name" value="OpenJDK 64-Bit Server VM"/>
    <property name="localRepository" value="/Users/Guest/.m2/repository"/>
    <property name="java.vendor.url.bug" value="https://bugreport.java.com/bugreport/"/>
    <property name="java.io.tmpdir" value="/var/folders/zz/zyxvpxvq6csfxvn_n00000s4000069/T/"/>
    <property name="idea.version" value="2024.3.1.1"/>
    <property name="java.version" value="23.0.1"/>
    <property name="user.dir" value="/Users/Guest/Downloads/Tetris"/>
    <property name="os.arch" value="aarch64"/>
    <property name="java.vm.specification.name" value="Java Virtual Machine Specification"/>
    <property name="native.encoding" value="UTF-8"/>
    <property name="java.library.path" value="/Users/Guest/Library/Java/Extensions:/Library/Java/Extensions:/Network/Library/Java/Extensions:/System/Library/Java/Extensions:/usr/lib/java:."/>
    <property name="java.vm.info" value="mixed mode, sharing"/>
    <property name="stderr.encoding" value="UTF-8"/>
    <property name="java.vendor" value="Oracle Corporation"/>
    <property name="java.vm.version" value="23.0.1+11-39"/>
    <property name="sun.io.unicode.encoding" value="UnicodeBig"/>
    <property name="java.class.version" value="67.0"/>
  </properties>
  <testcase name="testUpdateScoreWithNoLinesCleared" classname="org.example.ScoreManagerTest" time="0.014"/>
  <testcase name="testUpdateScoreWithSingleLineCleared" classname="org.example.ScoreManagerTest" time="0.004">
    <system-out><![CDATA[Speed updated to: 800ms (Level 1)
]]></system-out>
  </testcase>
  <testcase name="testInitialScoreAndLevel" classname="org.example.ScoreManagerTest" time="0.001"/>
  <testcase name="testUpdateScoreIncreasesScore" classname="org.example.ScoreManagerTest" time="0.001">
    <system-out><![CDATA[Speed updated to: 800ms (Level 1)
Speed updated to: 800ms (Level 1)
Speed updated to: 800ms (Level 1)
Speed updated to: 337ms (Level 4)
]]></system-out>
  </testcase>
  <testcase name="testUpdateScoreWithMultipleLinesCleared" classname="org.example.ScoreManagerTest" time="0.001">
    <system-out><![CDATA[Speed updated to: 800ms (Level 1)
Speed updated to: 800ms (Level 1)
Speed updated to: 337ms (Level 4)
]]></system-out>
  </testcase>
  <testcase name="testUpdateGameSpeed" classname="org.example.ScoreManagerTest" time="0.001">
    <system-out><![CDATA[Speed updated to: 450ms (Level 3)
Speed updated to: 253ms (Level 5)
Speed updated to: 106ms (Level 8)
Speed updated to: 60ms (Level 10)
Speed updated to: 50ms (Level 13)
Speed updated to: 50ms (Level 15)
Speed updated to: 50ms (Level 17)
Speed updated to: 50ms (Level 20)
Speed updated to: 50ms (Level 22)
Speed updated to: 50ms (Level 25)
Speed updated to: 50ms (Level 27)
Speed updated to: 50ms (Level 29)
]]></system-out>
  </testcase>
  <testcase name="testLevelProgression" classname="org.example.ScoreManagerTest" time="0.001">
    <system-out><![CDATA[Speed updated to: 450ms (Level 3)
Speed updated to: 253ms (Level 5)
Speed updated to: 106ms (Level 8)
Speed updated to: 60ms (Level 10)
Speed updated to: 50ms (Level 13)
Speed updated to: 50ms (Level 15)
Speed updated to: 50ms (Level 17)
Speed updated to: 50ms (Level 20)
Speed updated to: 50ms (Level 22)
Speed updated to: 50ms (Level 25)
]]></system-out>
  </testcase>
  <testcase name="testSetLevel" classname="org.example.ScoreManagerTest" time="0.001"/>
  <testcase name="testSetScore" classname="org.example.ScoreManagerTest" time="0.001"/>
</testsuite>